app/build/intermediates/manifest_merge_blame_file/debug/manifest-merger-blame-debug-report.txt
1<?xml version="1.0" encoding="utf-8"?>
2<manifest xmlns:android="http://schemas.android.com/apk/res/android"
3    package="fr.enssat.osm"
4    android:versionCode="1"
5    android:versionName="1.0" >
6
7    <uses-sdk
8        android:minSdkVersion="23"
8-->src/main/AndroidManifest.xml
9        android:targetSdkVersion="32" />
9-->src/main/AndroidManifest.xml
10
11    <uses-permission android:name="android.permission.INTERNET" />
11-->src/main/AndroidManifest.xml:5:5-67
11-->src/main/AndroidManifest.xml:5:22-64
12
13    <supports-screens
13-->[org.osmdroid:osmdroid-android:6.1.14] AndroidManifest.xml:9:5-12:40
14        android:anyDensity="true"
14-->[org.osmdroid:osmdroid-android:6.1.14] AndroidManifest.xml:10:9-34
15        android:largeScreens="true"
15-->[org.osmdroid:osmdroid-android:6.1.14] AndroidManifest.xml:11:9-36
16        android:normalScreens="true" />
16-->[org.osmdroid:osmdroid-android:6.1.14] AndroidManifest.xml:12:9-37
17
18    <uses-feature
18-->[org.osmdroid:osmdroid-android:6.1.14] AndroidManifest.xml:14:5-16:36
19        android:name="android.hardware.location.network"
19-->[org.osmdroid:osmdroid-android:6.1.14] AndroidManifest.xml:15:9-57
20        android:required="false" />
20-->[org.osmdroid:osmdroid-android:6.1.14] AndroidManifest.xml:16:9-33
21    <uses-feature
21-->[org.osmdroid:osmdroid-android:6.1.14] AndroidManifest.xml:17:5-19:36
22        android:name="android.hardware.location.gps"
22-->[org.osmdroid:osmdroid-android:6.1.14] AndroidManifest.xml:18:9-53
23        android:required="false" />
23-->[org.osmdroid:osmdroid-android:6.1.14] AndroidManifest.xml:19:9-33
24    <uses-feature
24-->[org.osmdroid:osmdroid-android:6.1.14] AndroidManifest.xml:20:5-22:36
25        android:name="android.hardware.telephony"
25-->[org.osmdroid:osmdroid-android:6.1.14] AndroidManifest.xml:21:9-50
26        android:required="false" />
26-->[org.osmdroid:osmdroid-android:6.1.14] AndroidManifest.xml:22:9-33
27    <uses-feature
27-->[org.osmdroid:osmdroid-android:6.1.14] AndroidManifest.xml:23:5-25:36
28        android:name="android.hardware.wifi"
28-->[org.osmdroid:osmdroid-android:6.1.14] AndroidManifest.xml:24:9-45
29        android:required="false" />
29-->[org.osmdroid:osmdroid-android:6.1.14] AndroidManifest.xml:25:9-33
30
31    <application
31-->src/main/AndroidManifest.xml:6:5-18:19
32        android:appComponentFactory="androidx.core.app.CoreComponentFactory"
32-->[androidx.core:core:1.7.0] AndroidManifest.xml:24:18-86
33        android:debuggable="true"
34        android:extractNativeLibs="false"
35        android:icon="@mipmap/ic_launcher"
35-->src/main/AndroidManifest.xml:9:9-43
36        android:label="@string/app_name"
36-->src/main/AndroidManifest.xml:7:9-41
37        android:testOnly="true" >
38        <activity
38-->src/main/AndroidManifest.xml:10:9-17:20
39            android:name="fr.enssat.osm.MapActivity"
39-->src/main/AndroidManifest.xml:11:13-40
40            android:exported="true" >
40-->src/main/AndroidManifest.xml:12:13-36
41            <intent-filter>
41-->src/main/AndroidManifest.xml:13:13-16:29
42                <action android:name="android.intent.action.MAIN" />
42-->src/main/AndroidManifest.xml:14:17-69
42-->src/main/AndroidManifest.xml:14:25-66
43
44                <category android:name="android.intent.category.LAUNCHER" />
44-->src/main/AndroidManifest.xml:15:17-77
44-->src/main/AndroidManifest.xml:15:27-74
45            </intent-filter>
46        </activity>
47
48        <provider
48-->[androidx.profileinstaller:profileinstaller:1.1.0-beta01] AndroidManifest.xml:26:9-34:20
49            android:name="androidx.startup.InitializationProvider"
49-->[androidx.profileinstaller:profileinstaller:1.1.0-beta01] AndroidManifest.xml:27:13-67
50            android:authorities="fr.enssat.osm.androidx-startup"
50-->[androidx.profileinstaller:profileinstaller:1.1.0-beta01] AndroidManifest.xml:28:13-68
51            android:exported="false" >
51-->[androidx.profileinstaller:profileinstaller:1.1.0-beta01] AndroidManifest.xml:29:13-37
52            <meta-data
52-->[androidx.profileinstaller:profileinstaller:1.1.0-beta01] AndroidManifest.xml:31:13-33:52
53                android:name="androidx.profileinstaller.ProfileInstallerInitializer"
53-->[androidx.profileinstaller:profileinstaller:1.1.0-beta01] AndroidManifest.xml:32:17-85
54                android:value="androidx.startup" />
54-->[androidx.profileinstaller:profileinstaller:1.1.0-beta01] AndroidManifest.xml:33:17-49
55        </provider>
56
57        <receiver
57-->[androidx.profileinstaller:profileinstaller:1.1.0-beta01] AndroidManifest.xml:36:9-45:20
58            android:name="androidx.profileinstaller.ProfileInstallReceiver"
58-->[androidx.profileinstaller:profileinstaller:1.1.0-beta01] AndroidManifest.xml:37:13-76
59            android:directBootAware="false"
59-->[androidx.profileinstaller:profileinstaller:1.1.0-beta01] AndroidManifest.xml:38:13-44
60            android:enabled="true"
60-->[androidx.profileinstaller:profileinstaller:1.1.0-beta01] AndroidManifest.xml:39:13-35
61            android:exported="true"
61-->[androidx.profileinstaller:profileinstaller:1.1.0-beta01] AndroidManifest.xml:40:13-36
62            android:permission="android.permission.DUMP" >
62-->[androidx.profileinstaller:profileinstaller:1.1.0-beta01] AndroidManifest.xml:41:13-57
63            <intent-filter>
63-->[androidx.profileinstaller:profileinstaller:1.1.0-beta01] AndroidManifest.xml:42:13-44:29
64                <action android:name="androidx.profileinstaller.action.INSTALL_PROFILE" />
64-->[androidx.profileinstaller:profileinstaller:1.1.0-beta01] AndroidManifest.xml:43:17-91
64-->[androidx.profileinstaller:profileinstaller:1.1.0-beta01] AndroidManifest.xml:43:25-88
65            </intent-filter>
66        </receiver>
67    </application>
68
69</manifest>